# JRE version: OpenJDK Runtime Environment Temurin-17.0.18+8 (17.0.18+8) (build 17.0.18+8)
# Java VM: OpenJDK 64-Bit Server VM Temurin-17.0.18+8 (17.0.18+8, mixed mode, sharing, tiered, compressed oops, compressed class ptrs, g1 gc, windows-amd64)
GC Precious Log:
 CPUs: 12 total, 12 available
 Memory: 16057M
 Large Page Support: Disabled
 NUMA Support: Disabled
 Compressed Oops: Enabled (Zero based)
 Heap Region Size: 2M
 Heap Min Capacity: 8M
 Heap Initial Capacity: 252M
 Heap Max Capacity: 4016M
 Pre-touch: Disabled
 Parallel Workers: 10
 Concurrent Workers: 3
 Concurrent Refinement Workers: 10
 Periodic GC: Disabled
Heap:
 garbage-first heap   total 118784K, used 48563K [0x0000000705000000, 0x0000000800000000)
  region size 2048K, 3 young (6144K), 3 survivors (6144K)
 Metaspace       used 75251K, committed 75840K, reserved 1179648K
  class space    used 10676K, committed 10944K, reserved 1048576K
GC Heap History (20 events):
Event: 28.563 GC heap after
{Heap after GC invocations=10 (full 0):
 garbage-first heap   total 98304K, used 26781K [0x0000000705000000, 0x0000000800000000)
  region size 2048K, 2 young (4096K), 2 survivors (4096K)
 Metaspace       used 35422K, committed 35904K, reserved 1114112K
  class space    used 4770K, committed 4992K, reserved 1048576K
}
Event: 28.652 GC heap before
{Heap before GC invocations=10 (full 0):
 garbage-first heap   total 98304K, used 30877K [0x0000000705000000, 0x0000000800000000)
  region size 2048K, 5 young (10240K), 2 survivors (4096K)
 Metaspace       used 35702K, committed 36160K, reserved 1114112K
  class space    used 4803K, committed 5056K, reserved 1048576K
}
Event: 28.661 GC heap after
{Heap after GC invocations=11 (full 0):
 garbage-first heap   total 98304K, used 27900K [0x0000000705000000, 0x0000000800000000)
  region size 2048K, 2 young (4096K), 2 survivors (4096K)
 Metaspace       used 35702K, committed 36160K, reserved 1114112K
  class space    used 4803K, committed 5056K, reserved 1048576K
}
Event: 30.049 GC heap before
{Heap before GC invocations=12 (full 0):
 garbage-first heap   total 98304K, used 72956K [0x0000000705000000, 0x0000000800000000)
  region size 2048K, 24 young (49152K), 2 survivors (4096K)
 Metaspace       used 42459K, committed 42944K, reserved 1114112K
  class space    used 5834K, committed 6080K, reserved 1048576K
}
Event: 30.065 GC heap after
{Heap after GC invocations=13 (full 0):
 garbage-first heap   total 98304K, used 30472K [0x0000000705000000, 0x0000000800000000)
  region size 2048K, 3 young (6144K), 3 survivors (6144K)
 Metaspace       used 42459K, committed 42944K, reserved 1114112K
  class space    used 5834K, committed 6080K, reserved 1048576K
}
Event: 31.343 GC heap before
{Heap before GC invocations=13 (full 0):
 garbage-first heap   total 98304K, used 73480K [0x0000000705000000, 0x0000000800000000)
  region size 2048K, 24 young (49152K), 3 survivors (6144K)
 Metaspace       used 52456K, committed 52928K, reserved 1114112K
  class space    used 7206K, committed 7424K, reserved 1048576K
}
Event: 31.356 GC heap after
{Heap after GC invocations=14 (full 0):
 garbage-first heap   total 98304K, used 34085K [0x0000000705000000, 0x0000000800000000)
  region size 2048K, 2 young (4096K), 2 survivors (4096K)
 Metaspace       used 52456K, committed 52928K, reserved 1114112K
  class space    used 7206K, committed 7424K, reserved 1048576K
}
Event: 32.096 GC heap before
{Heap before GC invocations=14 (full 0):
 garbage-first heap   total 98304K, used 70949K [0x0000000705000000, 0x0000000800000000)
  region size 2048K, 22 young (45056K), 2 survivors (4096K)
 Metaspace       used 59975K, committed 60416K, reserved 1114112K
  class space    used 8268K, committed 8512K, reserved 1048576K
}
Event: 32.105 GC heap after
{Heap after GC invocations=15 (full 0):
 garbage-first heap   total 98304K, used 36308K [0x0000000705000000, 0x0000000800000000)
  region size 2048K, 3 young (6144K), 3 survivors (6144K)
 Metaspace       used 59975K, committed 60416K, reserved 1114112K
  class space    used 8268K, committed 8512K, reserved 1048576K
}
Event: 32.500 GC heap before
{Heap before GC invocations=16 (full 0):
 garbage-first heap   total 98304K, used 75220K [0x0000000705000000, 0x0000000800000000)
  region size 2048K, 22 young (45056K), 3 survivors (6144K)
 Metaspace       used 61836K, committed 62400K, reserved 1114112K
  class space    used 8568K, committed 8832K, reserved 1048576K
}
Event: 32.509 GC heap after
{Heap after GC invocations=17 (full 0):
 garbage-first heap   total 118784K, used 36954K [0x0000000705000000, 0x0000000800000000)
  region size 2048K, 2 young (4096K), 2 survivors (4096K)
 Metaspace       used 61836K, committed 62400K, reserved 1114112K
  class space    used 8568K, committed 8832K, reserved 1048576K
}
Event: 34.501 GC heap before
{Heap before GC invocations=17 (full 0):
 garbage-first heap   total 118784K, used 90202K [0x0000000705000000, 0x0000000800000000)
  region size 2048K, 28 young (57344K), 2 survivors (4096K)
 Metaspace       used 67053K, committed 67584K, reserved 1114112K
  class space    used 9293K, committed 9536K, reserved 1048576K
}
Event: 34.516 GC heap after
{Heap after GC invocations=18 (full 0):
 garbage-first heap   total 118784K, used 39950K [0x0000000705000000, 0x0000000800000000)
  region size 2048K, 4 young (8192K), 4 survivors (8192K)
 Metaspace       used 67053K, committed 67584K, reserved 1114112K
  class space    used 9293K, committed 9536K, reserved 1048576K
}
Event: 35.407 GC heap before
{Heap before GC invocations=18 (full 0):
 garbage-first heap   total 118784K, used 89102K [0x0000000705000000, 0x0000000800000000)
  region size 2048K, 29 young (59392K), 4 survivors (8192K)
 Metaspace       used 73480K, committed 74048K, reserved 1114112K
  class space    used 10457K, committed 10688K, reserved 1048576K
}
Event: 35.418 GC heap after
{Heap after GC invocations=19 (full 0):
 garbage-first heap   total 118784K, used 43631K [0x0000000705000000, 0x0000000800000000)
  region size 2048K, 4 young (8192K), 4 survivors (8192K)
 Metaspace       used 73480K, committed 74048K, reserved 1114112K
  class space    used 10457K, committed 10688K, reserved 1048576K
}
Event: 35.820 GC heap before
{Heap before GC invocations=19 (full 0):
 garbage-first heap   total 118784K, used 92783K [0x0000000705000000, 0x0000000800000000)
  region size 2048K, 28 young (57344K), 4 survivors (8192K)
 Metaspace       used 75201K, committed 75776K, reserved 1179648K
  class space    used 10676K, committed 10944K, reserved 1048576K
}
Event: 35.833 GC heap after
{Heap after GC invocations=20 (full 0):
 garbage-first heap   total 118784K, used 44417K [0x0000000705000000, 0x0000000800000000)
  region size 2048K, 3 young (6144K), 3 survivors (6144K)
 Metaspace       used 75201K, committed 75776K, reserved 1179648K
  class space    used 10676K, committed 10944K, reserved 1048576K
}
Event: 35.908 GC heap before
{Heap before GC invocations=20 (full 0):
 garbage-first heap   total 118784K, used 93569K [0x0000000705000000, 0x0000000800000000)
  region size 2048K, 27 young (55296K), 3 survivors (6144K)
 Metaspace       used 75216K, committed 75776K, reserved 1179648K
  class space    used 10676K, committed 10944K, reserved 1048576K
}
Event: 35.915 GC heap after
{Heap after GC invocations=21 (full 0):
 garbage-first heap   total 118784K, used 44695K [0x0000000705000000, 0x0000000800000000)
  region size 2048K, 3 young (6144K), 3 survivors (6144K)
 Metaspace       used 75216K, committed 75776K, reserved 1179648K
  class space    used 10676K, committed 10944K, reserved 1048576K
}
Event: 35.980 GC heap before
{Heap before GC invocations=21 (full 0):
 garbage-first heap   total 118784K, used 95895K [0x0000000705000000, 0x0000000800000000)
  region size 2048K, 28 young (57344K), 3 survivors (6144K)
 Metaspace       used 75251K, committed 75840K, reserved 1179648K
  class space    used 10676K, committed 10944K, reserved 1048576K
}

