# JRE version: OpenJDK Runtime Environment Temurin-17.0.18+8 (17.0.18+8) (build 17.0.18+8)
# Java VM: OpenJDK 64-Bit Server VM Temurin-17.0.18+8 (17.0.18+8, mixed mode, sharing, tiered, compressed oops, compressed class ptrs, g1 gc, windows-amd64)
GC Precious Log:
 CPUs: 12 total, 12 available
 Memory: 16057M
 Large Page Support: Disabled
 NUMA Support: Disabled
 Compressed Oops: Enabled (Zero based)
 Heap Region Size: 2M
 Heap Min Capacity: 8M
 Heap Initial Capacity: 252M
 Heap Max Capacity: 4016M
 Pre-touch: Disabled
 Parallel Workers: 10
 Concurrent Workers: 3
 Concurrent Refinement Workers: 10
 Periodic GC: Disabled
Heap:
 garbage-first heap   total 221184K, used 149573K [0x0000000705000000, 0x0000000800000000)
  region size 2048K, 43 young (88064K), 5 survivors (10240K)
 Metaspace       used 89322K, committed 89920K, reserved 1179648K
  class space    used 12250K, committed 12544K, reserved 1048576K
GC Heap History (20 events):
Event: 18.714 GC heap before
{Heap before GC invocations=19 (full 0):
 garbage-first heap   total 114688K, used 89487K [0x0000000705000000, 0x0000000800000000)
  region size 2048K, 27 young (55296K), 4 survivors (8192K)
 Metaspace       used 75094K, committed 75648K, reserved 1114112K
  class space    used 10665K, committed 10944K, reserved 1048576K
}
Event: 18.737 GC heap after
{Heap after GC invocations=20 (full 0):
 garbage-first heap   total 114688K, used 43197K [0x0000000705000000, 0x0000000800000000)
  region size 2048K, 2 young (4096K), 2 survivors (4096K)
 Metaspace       used 75094K, committed 75648K, reserved 1114112K
  class space    used 10665K, committed 10944K, reserved 1048576K
}
Event: 18.933 GC heap before
{Heap before GC invocations=20 (full 0):
 garbage-first heap   total 114688K, used 90301K [0x0000000705000000, 0x0000000800000000)
  region size 2048K, 25 young (51200K), 2 survivors (4096K)
 Metaspace       used 75237K, committed 75776K, reserved 1179648K
  class space    used 10680K, committed 10944K, reserved 1048576K
}
Event: 18.944 GC heap after
{Heap after GC invocations=21 (full 0):
 garbage-first heap   total 114688K, used 46151K [0x0000000705000000, 0x0000000800000000)
  region size 2048K, 4 young (8192K), 4 survivors (8192K)
 Metaspace       used 75237K, committed 75776K, reserved 1179648K
  class space    used 10680K, committed 10944K, reserved 1048576K
}
Event: 19.061 GC heap before
{Heap before GC invocations=21 (full 0):
 garbage-first heap   total 114688K, used 91207K [0x0000000705000000, 0x0000000800000000)
  region size 2048K, 26 young (53248K), 4 survivors (8192K)
 Metaspace       used 75278K, committed 75840K, reserved 1179648K
  class space    used 10681K, committed 10944K, reserved 1048576K
}
Event: 19.072 GC heap after
{Heap after GC invocations=22 (full 0):
 garbage-first heap   total 141312K, used 46168K [0x0000000705000000, 0x0000000800000000)
  region size 2048K, 2 young (4096K), 2 survivors (4096K)
 Metaspace       used 75278K, committed 75840K, reserved 1179648K
  class space    used 10681K, committed 10944K, reserved 1048576K
}
Event: 19.277 GC heap before
{Heap before GC invocations=22 (full 0):
 garbage-first heap   total 141312K, used 113752K [0x0000000705000000, 0x0000000800000000)
  region size 2048K, 35 young (71680K), 2 survivors (4096K)
 Metaspace       used 75410K, committed 75968K, reserved 1179648K
  class space    used 10701K, committed 10944K, reserved 1048576K
}
Event: 19.286 GC heap after
{Heap after GC invocations=23 (full 0):
 garbage-first heap   total 141312K, used 48787K [0x0000000705000000, 0x0000000800000000)
  region size 2048K, 4 young (8192K), 4 survivors (8192K)
 Metaspace       used 75410K, committed 75968K, reserved 1179648K
  class space    used 10701K, committed 10944K, reserved 1048576K
}
Event: 19.594 GC heap before
{Heap before GC invocations=23 (full 0):
 garbage-first heap   total 141312K, used 114323K [0x0000000705000000, 0x0000000800000000)
  region size 2048K, 36 young (73728K), 4 survivors (8192K)
 Metaspace       used 75877K, committed 76416K, reserved 1179648K
  class space    used 10754K, committed 11008K, reserved 1048576K
}
Event: 19.600 GC heap after
{Heap after GC invocations=24 (full 0):
 garbage-first heap   total 141312K, used 45927K [0x0000000705000000, 0x0000000800000000)
  region size 2048K, 1 young (2048K), 1 survivors (2048K)
 Metaspace       used 75877K, committed 76416K, reserved 1179648K
  class space    used 10754K, committed 11008K, reserved 1048576K
}
Event: 19.810 GC heap before
{Heap before GC invocations=24 (full 0):
 garbage-first heap   total 141312K, used 115559K [0x0000000705000000, 0x0000000800000000)
  region size 2048K, 35 young (71680K), 1 survivors (2048K)
 Metaspace       used 76012K, committed 76544K, reserved 1179648K
  class space    used 10759K, committed 11008K, reserved 1048576K
}
Event: 19.826 GC heap after
{Heap after GC invocations=25 (full 0):
 garbage-first heap   total 141312K, used 55874K [0x0000000705000000, 0x0000000800000000)
  region size 2048K, 5 young (10240K), 5 survivors (10240K)
 Metaspace       used 76012K, committed 76544K, reserved 1179648K
  class space    used 10759K, committed 11008K, reserved 1048576K
}
Event: 20.214 GC heap before
{Heap before GC invocations=25 (full 0):
 garbage-first heap   total 141312K, used 109122K [0x0000000705000000, 0x0000000800000000)
  region size 2048K, 31 young (63488K), 5 survivors (10240K)
 Metaspace       used 76767K, committed 77376K, reserved 1179648K
  class space    used 10843K, committed 11136K, reserved 1048576K
}
Event: 20.232 GC heap after
{Heap after GC invocations=26 (full 0):
 garbage-first heap   total 221184K, used 62399K [0x0000000705000000, 0x0000000800000000)
  region size 2048K, 4 young (8192K), 4 survivors (8192K)
 Metaspace       used 76767K, committed 77376K, reserved 1179648K
  class space    used 10843K, committed 11136K, reserved 1048576K
}
Event: 20.699 GC heap before
{Heap before GC invocations=26 (full 0):
 garbage-first heap   total 221184K, used 154559K [0x0000000705000000, 0x0000000800000000)
  region size 2048K, 49 young (100352K), 4 survivors (8192K)
 Metaspace       used 77369K, committed 77888K, reserved 1179648K
  class space    used 10878K, committed 11136K, reserved 1048576K
}
Event: 20.712 GC heap after
{Heap after GC invocations=27 (full 0):
 garbage-first heap   total 221184K, used 68816K [0x0000000705000000, 0x0000000800000000)
  region size 2048K, 7 young (14336K), 7 survivors (14336K)
 Metaspace       used 77369K, committed 77888K, reserved 1179648K
  class space    used 10878K, committed 11136K, reserved 1048576K
}
Event: 22.099 GC heap before
{Heap before GC invocations=27 (full 0):
 garbage-first heap   total 221184K, used 167120K [0x0000000705000000, 0x0000000800000000)
  region size 2048K, 55 young (112640K), 7 survivors (14336K)
 Metaspace       used 87089K, committed 87680K, reserved 1179648K
  class space    used 12008K, committed 12288K, reserved 1048576K
}
Event: 22.113 GC heap after
{Heap after GC invocations=28 (full 0):
 garbage-first heap   total 221184K, used 71788K [0x0000000705000000, 0x0000000800000000)
  region size 2048K, 5 young (10240K), 5 survivors (10240K)
 Metaspace       used 87089K, committed 87680K, reserved 1179648K
  class space    used 12008K, committed 12288K, reserved 1048576K
}
Event: 22.595 GC heap before
{Heap before GC invocations=28 (full 0):
 garbage-first heap   total 221184K, used 170092K [0x0000000705000000, 0x0000000800000000)
  region size 2048K, 53 young (108544K), 5 survivors (10240K)
 Metaspace       used 87643K, committed 88256K, reserved 1179648K
  class space    used 12040K, committed 12352K, reserved 1048576K
}
Event: 22.607 GC heap after
{Heap after GC invocations=29 (full 0):
 garbage-first heap   total 221184K, used 73797K [0x0000000705000000, 0x0000000800000000)
  region size 2048K, 5 young (10240K), 5 survivors (10240K)
 Metaspace       used 87643K, committed 88256K, reserved 1179648K
  class space    used 12040K, committed 12352K, reserved 1048576K
}

