# JRE version: OpenJDK Runtime Environment Temurin-21.0.9+10 (21.0.9+10) (build 21.0.9+10-LTS)
# Java VM: OpenJDK 64-Bit Server VM Temurin-21.0.9+10 (21.0.9+10-LTS, mixed mode, sharing, tiered, compressed oops, compressed class ptrs, parallel gc, windows-amd64)
GC Precious Log:
 CardTable entry size: 512
 CPUs: 12 total, 12 available
 Memory: 16057M
 Large Page Support: Disabled
 NUMA Support: Disabled
 Compressed Oops: Enabled (32-bit)
 Alignments: Space 512K, Generation 512K, Heap 2M
 Heap Min Capacity: 100M
 Heap Initial Capacity: 100M
 Heap Max Capacity: 2G
 Pre-touch: Disabled
 Parallel Workers: 10
Heap:
 PSYoungGen      total 2560K, used 394K [0x00000000d5580000, 0x00000000d5900000, 0x0000000100000000)
  eden space 2048K, 5% used [0x00000000d5580000,0x00000000d559ab80,0x00000000d5780000)
  from space 512K, 56% used [0x00000000d5880000,0x00000000d58c8000,0x00000000d5900000)
  to   space 512K, 0% used [0x00000000d5800000,0x00000000d5800000,0x00000000d5880000)
 ParOldGen       total 688128K, used 276603K [0x0000000080000000, 0x00000000aa000000, 0x00000000d5580000)
  object space 688128K, 40% used [0x0000000080000000,0x0000000090e1eea0,0x00000000aa000000)
 Metaspace       used 75997K, committed 77568K, reserved 1179648K
  class space    used 7672K, committed 8384K, reserved 1048576K
GC Heap History (20 events):
Event: 167.087 GC heap before
{Heap before GC invocations=2093 (full 4):
 PSYoungGen      total 2560K, used 2532K [0x00000000d5580000, 0x00000000d5980000, 0x0000000100000000)
  eden space 2048K, 100% used [0x00000000d5580000,0x00000000d5780000,0x00000000d5780000)
  from space 512K, 94% used [0x00000000d5880000,0x00000000d58f9210,0x00000000d5900000)
  to   space 1024K, 0% used [0x00000000d5780000,0x00000000d5780000,0x00000000d5880000)
 ParOldGen       total 688128K, used 274873K [0x0000000080000000, 0x00000000aa000000, 0x00000000d5580000)
  object space 688128K, 39% used [0x0000000080000000,0x0000000090c6e720,0x00000000aa000000)
 Metaspace       used 75734K, committed 77248K, reserved 1179648K
  class space    used 7652K, committed 8320K, reserved 1048576K
}
Event: 167.089 GC heap after
{Heap after GC invocations=2093 (full 4):
 PSYoungGen      total 3072K, used 384K [0x00000000d5580000, 0x00000000d5980000, 0x0000000100000000)
  eden space 2048K, 0% used [0x00000000d5580000,0x00000000d5580000,0x00000000d5780000)
  from space 1024K, 37% used [0x00000000d5780000,0x00000000d57e0000,0x00000000d5880000)
  to   space 1024K, 0% used [0x00000000d5880000,0x00000000d5880000,0x00000000d5980000)
 ParOldGen       total 688128K, used 275374K [0x0000000080000000, 0x00000000aa000000, 0x00000000d5580000)
  object space 688128K, 40% used [0x0000000080000000,0x0000000090ceb930,0x00000000aa000000)
 Metaspace       used 75734K, committed 77248K, reserved 1179648K
  class space    used 7652K, committed 8320K, reserved 1048576K
}
Event: 167.098 GC heap before
{Heap before GC invocations=2094 (full 4):
 PSYoungGen      total 3072K, used 2432K [0x00000000d5580000, 0x00000000d5980000, 0x0000000100000000)
  eden space 2048K, 100% used [0x00000000d5580000,0x00000000d5780000,0x00000000d5780000)
  from space 1024K, 37% used [0x00000000d5780000,0x00000000d57e0000,0x00000000d5880000)
  to   space 1024K, 0% used [0x00000000d5880000,0x00000000d5880000,0x00000000d5980000)
 ParOldGen       total 688128K, used 275374K [0x0000000080000000, 0x00000000aa000000, 0x00000000d5580000)
  object space 688128K, 40% used [0x0000000080000000,0x0000000090ceb930,0x00000000aa000000)
 Metaspace       used 75734K, committed 77248K, reserved 1179648K
  class space    used 7652K, committed 8320K, reserved 1048576K
}
Event: 167.099 GC heap after
{Heap after GC invocations=2094 (full 4):
 PSYoungGen      total 2560K, used 288K [0x00000000d5580000, 0x00000000d5900000, 0x0000000100000000)
  eden space 2048K, 0% used [0x00000000d5580000,0x00000000d5580000,0x00000000d5780000)
  from space 512K, 56% used [0x00000000d5880000,0x00000000d58c8020,0x00000000d5900000)
  to   space 512K, 0% used [0x00000000d5800000,0x00000000d5800000,0x00000000d5880000)
 ParOldGen       total 688128K, used 275579K [0x0000000080000000, 0x00000000aa000000, 0x00000000d5580000)
  object space 688128K, 40% used [0x0000000080000000,0x0000000090d1ee80,0x00000000aa000000)
 Metaspace       used 75734K, committed 77248K, reserved 1179648K
  class space    used 7652K, committed 8320K, reserved 1048576K
}
Event: 167.106 GC heap before
{Heap before GC invocations=2095 (full 4):
 PSYoungGen      total 2560K, used 2336K [0x00000000d5580000, 0x00000000d5900000, 0x0000000100000000)
  eden space 2048K, 100% used [0x00000000d5580000,0x00000000d5780000,0x00000000d5780000)
  from space 512K, 56% used [0x00000000d5880000,0x00000000d58c8020,0x00000000d5900000)
  to   space 512K, 0% used [0x00000000d5800000,0x00000000d5800000,0x00000000d5880000)
 ParOldGen       total 688128K, used 275579K [0x0000000080000000, 0x00000000aa000000, 0x00000000d5580000)
  object space 688128K, 40% used [0x0000000080000000,0x0000000090d1ee80,0x00000000aa000000)
 Metaspace       used 75735K, committed 77248K, reserved 1179648K
  class space    used 7652K, committed 8320K, reserved 1048576K
}
Event: 167.108 GC heap after
{Heap after GC invocations=2095 (full 4):
 PSYoungGen      total 2560K, used 384K [0x00000000d5580000, 0x00000000d5900000, 0x0000000100000000)
  eden space 2048K, 0% used [0x00000000d5580000,0x00000000d5580000,0x00000000d5780000)
  from space 512K, 75% used [0x00000000d5800000,0x00000000d5860020,0x00000000d5880000)
  to   space 512K, 0% used [0x00000000d5880000,0x00000000d5880000,0x00000000d5900000)
 ParOldGen       total 688128K, used 275723K [0x0000000080000000, 0x00000000aa000000, 0x00000000d5580000)
  object space 688128K, 40% used [0x0000000080000000,0x0000000090d42e80,0x00000000aa000000)
 Metaspace       used 75735K, committed 77248K, reserved 1179648K
  class space    used 7652K, committed 8320K, reserved 1048576K
}
Event: 167.117 GC heap before
{Heap before GC invocations=2096 (full 4):
 PSYoungGen      total 2560K, used 2432K [0x00000000d5580000, 0x00000000d5900000, 0x0000000100000000)
  eden space 2048K, 100% used [0x00000000d5580000,0x00000000d5780000,0x00000000d5780000)
  from space 512K, 75% used [0x00000000d5800000,0x00000000d5860020,0x00000000d5880000)
  to   space 512K, 0% used [0x00000000d5880000,0x00000000d5880000,0x00000000d5900000)
 ParOldGen       total 688128K, used 275723K [0x0000000080000000, 0x00000000aa000000, 0x00000000d5580000)
  object space 688128K, 40% used [0x0000000080000000,0x0000000090d42e80,0x00000000aa000000)
 Metaspace       used 75735K, committed 77248K, reserved 1179648K
  class space    used 7652K, committed 8320K, reserved 1048576K
}
Event: 167.119 GC heap after
{Heap after GC invocations=2096 (full 4):
 PSYoungGen      total 2560K, used 416K [0x00000000d5580000, 0x00000000d5900000, 0x0000000100000000)
  eden space 2048K, 0% used [0x00000000d5580000,0x00000000d5580000,0x00000000d5780000)
  from space 512K, 81% used [0x00000000d5880000,0x00000000d58e8000,0x00000000d5900000)
  to   space 512K, 0% used [0x00000000d5800000,0x00000000d5800000,0x00000000d5880000)
 ParOldGen       total 688128K, used 275947K [0x0000000080000000, 0x00000000aa000000, 0x00000000d5580000)
  object space 688128K, 40% used [0x0000000080000000,0x0000000090d7aea0,0x00000000aa000000)
 Metaspace       used 75735K, committed 77248K, reserved 1179648K
  class space    used 7652K, committed 8320K, reserved 1048576K
}
Event: 173.849 GC heap before
{Heap before GC invocations=2097 (full 4):
 PSYoungGen      total 2560K, used 2464K [0x00000000d5580000, 0x00000000d5900000, 0x0000000100000000)
  eden space 2048K, 100% used [0x00000000d5580000,0x00000000d5780000,0x00000000d5780000)
  from space 512K, 81% used [0x00000000d5880000,0x00000000d58e8000,0x00000000d5900000)
  to   space 512K, 0% used [0x00000000d5800000,0x00000000d5800000,0x00000000d5880000)
 ParOldGen       total 688128K, used 275947K [0x0000000080000000, 0x00000000aa000000, 0x00000000d5580000)
  object space 688128K, 40% used [0x0000000080000000,0x0000000090d7aea0,0x00000000aa000000)
 Metaspace       used 75739K, committed 77248K, reserved 1179648K
  class space    used 7652K, committed 8320K, reserved 1048576K
}
Event: 173.851 GC heap after
{Heap after GC invocations=2097 (full 4):
 PSYoungGen      total 2560K, used 384K [0x00000000d5580000, 0x00000000d5900000, 0x0000000100000000)
  eden space 2048K, 0% used [0x00000000d5580000,0x00000000d5580000,0x00000000d5780000)
  from space 512K, 75% used [0x00000000d5800000,0x00000000d5860000,0x00000000d5880000)
  to   space 512K, 0% used [0x00000000d5880000,0x00000000d5880000,0x00000000d5900000)
 ParOldGen       total 688128K, used 276179K [0x0000000080000000, 0x00000000aa000000, 0x00000000d5580000)
  object space 688128K, 40% used [0x0000000080000000,0x0000000090db4ea0,0x00000000aa000000)
 Metaspace       used 75739K, committed 77248K, reserved 1179648K
  class space    used 7652K, committed 8320K, reserved 1048576K
}
Event: 186.582 GC heap before
{Heap before GC invocations=2098 (full 4):
 PSYoungGen      total 2560K, used 2432K [0x00000000d5580000, 0x00000000d5900000, 0x0000000100000000)
  eden space 2048K, 100% used [0x00000000d5580000,0x00000000d5780000,0x00000000d5780000)
  from space 512K, 75% used [0x00000000d5800000,0x00000000d5860000,0x00000000d5880000)
  to   space 512K, 0% used [0x00000000d5880000,0x00000000d5880000,0x00000000d5900000)
 ParOldGen       total 688128K, used 276179K [0x0000000080000000, 0x00000000aa000000, 0x00000000d5580000)
  object space 688128K, 40% used [0x0000000080000000,0x0000000090db4ea0,0x00000000aa000000)
 Metaspace       used 75752K, committed 77312K, reserved 1179648K
  class space    used 7654K, committed 8320K, reserved 1048576K
}
Event: 186.585 GC heap after
{Heap after GC invocations=2098 (full 4):
 PSYoungGen      total 2560K, used 192K [0x00000000d5580000, 0x00000000d5900000, 0x0000000100000000)
  eden space 2048K, 0% used [0x00000000d5580000,0x00000000d5580000,0x00000000d5780000)
  from space 512K, 37% used [0x00000000d5880000,0x00000000d58b0000,0x00000000d5900000)
  to   space 512K, 0% used [0x00000000d5800000,0x00000000d5800000,0x00000000d5880000)
 ParOldGen       total 688128K, used 276379K [0x0000000080000000, 0x00000000aa000000, 0x00000000d5580000)
  object space 688128K, 40% used [0x0000000080000000,0x0000000090de6ea0,0x00000000aa000000)
 Metaspace       used 75752K, committed 77312K, reserved 1179648K
  class space    used 7654K, committed 8320K, reserved 1048576K
}
Event: 186.723 GC heap before
{Heap before GC invocations=2099 (full 4):
 PSYoungGen      total 2560K, used 2240K [0x00000000d5580000, 0x00000000d5900000, 0x0000000100000000)
  eden space 2048K, 100% used [0x00000000d5580000,0x00000000d5780000,0x00000000d5780000)
  from space 512K, 37% used [0x00000000d5880000,0x00000000d58b0000,0x00000000d5900000)
  to   space 512K, 0% used [0x00000000d5800000,0x00000000d5800000,0x00000000d5880000)
 ParOldGen       total 688128K, used 276379K [0x0000000080000000, 0x00000000aa000000, 0x00000000d5580000)
  object space 688128K, 40% used [0x0000000080000000,0x0000000090de6ea0,0x00000000aa000000)
 Metaspace       used 75766K, committed 77312K, reserved 1179648K
  class space    used 7654K, committed 8320K, reserved 1048576K
}
Event: 186.725 GC heap after
{Heap after GC invocations=2099 (full 4):
 PSYoungGen      total 2560K, used 192K [0x00000000d5580000, 0x00000000d5900000, 0x0000000100000000)
  eden space 2048K, 0% used [0x00000000d5580000,0x00000000d5580000,0x00000000d5780000)
  from space 512K, 37% used [0x00000000d5800000,0x00000000d5830000,0x00000000d5880000)
  to   space 512K, 0% used [0x00000000d5880000,0x00000000d5880000,0x00000000d5900000)
 ParOldGen       total 688128K, used 276427K [0x0000000080000000, 0x00000000aa000000, 0x00000000d5580000)
  object space 688128K, 40% used [0x0000000080000000,0x0000000090df2ea0,0x00000000aa000000)
 Metaspace       used 75766K, committed 77312K, reserved 1179648K
  class space    used 7654K, committed 8320K, reserved 1048576K
}
Event: 186.833 GC heap before
{Heap before GC invocations=2100 (full 4):
 PSYoungGen      total 2560K, used 2240K [0x00000000d5580000, 0x00000000d5900000, 0x0000000100000000)
  eden space 2048K, 100% used [0x00000000d5580000,0x00000000d5780000,0x00000000d5780000)
  from space 512K, 37% used [0x00000000d5800000,0x00000000d5830000,0x00000000d5880000)
  to   space 512K, 0% used [0x00000000d5880000,0x00000000d5880000,0x00000000d5900000)
 ParOldGen       total 688128K, used 276427K [0x0000000080000000, 0x00000000aa000000, 0x00000000d5580000)
  object space 688128K, 40% used [0x0000000080000000,0x0000000090df2ea0,0x00000000aa000000)
 Metaspace       used 75783K, committed 77312K, reserved 1179648K
  class space    used 7654K, committed 8320K, reserved 1048576K
}
Event: 186.835 GC heap after
{Heap after GC invocations=2100 (full 4):
 PSYoungGen      total 2560K, used 256K [0x00000000d5580000, 0x00000000d5900000, 0x0000000100000000)
  eden space 2048K, 0% used [0x00000000d5580000,0x00000000d5580000,0x00000000d5780000)
  from space 512K, 50% used [0x00000000d5880000,0x00000000d58c0000,0x00000000d5900000)
  to   space 512K, 0% used [0x00000000d5800000,0x00000000d5800000,0x00000000d5880000)
 ParOldGen       total 688128K, used 276467K [0x0000000080000000, 0x00000000aa000000, 0x00000000d5580000)
  object space 688128K, 40% used [0x0000000080000000,0x0000000090dfcea0,0x00000000aa000000)
 Metaspace       used 75783K, committed 77312K, reserved 1179648K
  class space    used 7654K, committed 8320K, reserved 1048576K
}
Event: 211.606 GC heap before
{Heap before GC invocations=2101 (full 4):
 PSYoungGen      total 2560K, used 2304K [0x00000000d5580000, 0x00000000d5900000, 0x0000000100000000)
  eden space 2048K, 100% used [0x00000000d5580000,0x00000000d5780000,0x00000000d5780000)
  from space 512K, 50% used [0x00000000d5880000,0x00000000d58c0000,0x00000000d5900000)
  to   space 512K, 0% used [0x00000000d5800000,0x00000000d5800000,0x00000000d5880000)
 ParOldGen       total 688128K, used 276467K [0x0000000080000000, 0x00000000aa000000, 0x00000000d5580000)
  object space 688128K, 40% used [0x0000000080000000,0x0000000090dfcea0,0x00000000aa000000)
 Metaspace       used 75916K, committed 77440K, reserved 1179648K
  class space    used 7668K, committed 8320K, reserved 1048576K
}
Event: 211.608 GC heap after
{Heap after GC invocations=2101 (full 4):
 PSYoungGen      total 2560K, used 288K [0x00000000d5580000, 0x00000000d5900000, 0x0000000100000000)
  eden space 2048K, 0% used [0x00000000d5580000,0x00000000d5580000,0x00000000d5780000)
  from space 512K, 56% used [0x00000000d5800000,0x00000000d5848000,0x00000000d5880000)
  to   space 512K, 0% used [0x00000000d5880000,0x00000000d5880000,0x00000000d5900000)
 ParOldGen       total 688128K, used 276507K [0x0000000080000000, 0x00000000aa000000, 0x00000000d5580000)
  object space 688128K, 40% used [0x0000000080000000,0x0000000090e06ea0,0x00000000aa000000)
 Metaspace       used 75916K, committed 77440K, reserved 1179648K
  class space    used 7668K, committed 8320K, reserved 1048576K
}
Event: 748.932 GC heap before
{Heap before GC invocations=2102 (full 4):
 PSYoungGen      total 2560K, used 2336K [0x00000000d5580000, 0x00000000d5900000, 0x0000000100000000)
  eden space 2048K, 100% used [0x00000000d5580000,0x00000000d5780000,0x00000000d5780000)
  from space 512K, 56% used [0x00000000d5800000,0x00000000d5848000,0x00000000d5880000)
  to   space 512K, 0% used [0x00000000d5880000,0x00000000d5880000,0x00000000d5900000)
 ParOldGen       total 688128K, used 276507K [0x0000000080000000, 0x00000000aa000000, 0x00000000d5580000)
  object space 688128K, 40% used [0x0000000080000000,0x0000000090e06ea0,0x00000000aa000000)
 Metaspace       used 75973K, committed 77504K, reserved 1179648K
  class space    used 7672K, committed 8384K, reserved 1048576K
}
Event: 748.975 GC heap after
{Heap after GC invocations=2102 (full 4):
 PSYoungGen      total 2560K, used 288K [0x00000000d5580000, 0x00000000d5900000, 0x0000000100000000)
  eden space 2048K, 0% used [0x00000000d5580000,0x00000000d5580000,0x00000000d5780000)
  from space 512K, 56% used [0x00000000d5880000,0x00000000d58c8000,0x00000000d5900000)
  to   space 512K, 0% used [0x00000000d5800000,0x00000000d5800000,0x00000000d5880000)
 ParOldGen       total 688128K, used 276603K [0x0000000080000000, 0x00000000aa000000, 0x00000000d5580000)
  object space 688128K, 40% used [0x0000000080000000,0x0000000090e1eea0,0x00000000aa000000)
 Metaspace       used 75973K, committed 77504K, reserved 1179648K
  class space    used 7672K, committed 8384K, reserved 1048576K
}

